<?xml version="1.0" encoding="UTF-8"?>
<!-- Generated by org.testng.reporters.JUnitReportReporter -->
<testsuite hostname="DeshmukH" failures="0" tests="2" name="TestNGFrameWork.NewProj.ValidateNavigationPage" time="1.455" errors="0" timestamp="2022-06-28T12:42:56 IST" skipped="0">
  <testcase classname="TestNGFrameWork.NewProj.ValidateNavigationPage" name="Teardown" time="1.280"/>
  <system-out/>
  <testcase classname="TestNGFrameWork.NewProj.ValidateNavigationPage" name="NavBarValidation" time="0.175"/>
  <system-out/>
</testsuite> <!-- TestNGFrameWork.NewProj.ValidateNavigationPage -->
