<?xml version="1.0" encoding="UTF-8"?>
<!-- Generated by org.testng.reporters.JUnitReportReporter -->
<testsuite hostname="DeshmukH" failures="0" tests="1" name="TestNGFrameWork.NewProj.HomePage" time="0.297" errors="0" timestamp="2022-06-28T12:42:56 IST" skipped="0">
  <testcase classname="TestNGFrameWork.NewProj.HomePage" name="BasePageNaviagtion" time="0.297"/>
  <system-out/>
</testsuite> <!-- TestNGFrameWork.NewProj.HomePage -->
