<?xml version="1.0" encoding="UTF-8"?>
<!-- Generated by org.testng.reporters.JUnitReportReporter -->
<testsuite hostname="DeshmukH" failures="0" tests="2" name="TestNGFrameWork.NewProj.ValidateNavigationPage" time="2.253" errors="0" timestamp="2022-08-21T19:48:57 IST" skipped="0">
  <testcase classname="TestNGFrameWork.NewProj.ValidateNavigationPage" name="NavBarValidation" time="0.190"/>
  <system-out/>
  <testcase classname="TestNGFrameWork.NewProj.ValidateNavigationPage" name="Teardown" time="2.063"/>
  <system-out/>
</testsuite> <!-- TestNGFrameWork.NewProj.ValidateNavigationPage -->
