<?xml version="1.0" encoding="UTF-8"?>
<!-- Generated by org.testng.reporters.JUnitReportReporter -->
<testsuite hostname="DeshmukH" failures="0" tests="1" name="TestNGFrameWork.NewProj.HomePage" time="41.878" errors="0" timestamp="2022-06-15T10:57:51 IST" skipped="0">
  <testcase classname="TestNGFrameWork.NewProj.HomePage" name="BasePageNaviagtion" time="41.878"/>
  <system-out/>
</testsuite> <!-- TestNGFrameWork.NewProj.HomePage -->
