<?xml version="1.0" encoding="UTF-8"?>
<!-- Generated by org.testng.reporters.JUnitReportReporter -->
<testsuite hostname="DeshmukH" failures="0" tests="2" name="TestNGFrameWork.NewProj.ValidateNavigationPage" time="2.749" errors="0" timestamp="2022-06-26T23:12:09 IST" skipped="0">
  <testcase classname="TestNGFrameWork.NewProj.ValidateNavigationPage" name="Teardown" time="2.559"/>
  <system-out/>
  <testcase classname="TestNGFrameWork.NewProj.ValidateNavigationPage" name="NavBarValidation" time="0.190"/>
  <system-out/>
</testsuite> <!-- TestNGFrameWork.NewProj.ValidateNavigationPage -->
